Build started 17-7-2012 16:02:53.
     1>Project "C:\projects\googlecode\dune2themaker\dependencies\alfont\examples\example1.vcxproj" on node 2 (rebuild target(s)).
     1>PrepareForBuild:
         Creating directory "C:\projects\googlecode\dune2themaker\dependencies\alfont\Template\".
       InitializeBuildStatus:
         Creating "Template\example1.unsuccessfulbuild" because "AlwaysCreate" was specified.
       ClCompile:
         c:\Program Files (x86)\Microsoft Visual Studio 10.0\VC\bin\CL.exe /c /Zi /nologo /W1 /WX- /O2 /Oy- /Gm- /EHsc /MD /GS /fp:precise /Zc:wchar_t /Zc:forScope /Fo"Template\\" /Fd"Template\vc100.pdb" /Gd /TC /analyze- /errorReport:prompt example1.c
         example1.c
       Link:
         c:\Program Files (x86)\Microsoft Visual Studio 10.0\VC\bin\link.exe /ERRORREPORT:PROMPT /OUT:"C:\projects\googlecode\dune2themaker\dependencies\alfont\Template\example1.exe" /NOLOGO kernel32.lib user32.lib gdi32.lib winspool.lib comdlg32.lib advapi32.lib shell32.lib ole32.lib oleaut32.lib uuid.lib odbc32.lib odbccp32.lib /MANIFEST /ManifestFile:"Template\example1.exe.intermediate.manifest" /MANIFESTUAC:"level='asInvoker' uiAccess='false'" /PDB:"C:\projects\googlecode\dune2themaker\dependencies\alfont\Template\example1.pdb" /TLBID:1 /DYNAMICBASE /NXCOMPAT /IMPLIB:"C:\projects\googlecode\dune2themaker\dependencies\alfont\Template\example1.lib" /MACHINE:X86 Template\example1.obj
     1>example1.obj : error LNK2019: unresolved external symbol __imp__allegro_message referenced in function _show_help
     1>example1.obj : error LNK2019: unresolved external symbol _alfont_destroy_font referenced in function __mangled_main
     1>example1.obj : error LNK2019: unresolved external symbol __imp__readkey referenced in function __mangled_main
     1>example1.obj : error LNK2019: unresolved external symbol _alfont_textout_centre_aa referenced in function __mangled_main
     1>example1.obj : error LNK2019: unresolved external symbol _alfont_textout_centre referenced in function __mangled_main
     1>example1.obj : error LNK2001: unresolved external symbol __imp__screen
     1>example1.obj : error LNK2019: unresolved external symbol __imp__makecol referenced in function __mangled_main
     1>example1.obj : error LNK2001: unresolved external symbol __imp__gfx_driver
     1>example1.obj : error LNK2019: unresolved external symbol _alfont_set_font_size referenced in function __mangled_main
     1>example1.obj : error LNK2019: unresolved external symbol _alfont_exit referenced in function __mangled_main
     1>example1.obj : error LNK2019: unresolved external symbol _alfont_load_font referenced in function __mangled_main
     1>example1.obj : error LNK2019: unresolved external symbol _alfont_init referenced in function __mangled_main
     1>example1.obj : error LNK2019: unresolved external symbol __imp__install_keyboard referenced in function __mangled_main
     1>example1.obj : error LNK2019: unresolved external symbol __imp__set_gfx_mode referenced in function __mangled_main
     1>example1.obj : error LNK2019: unresolved external symbol __imp__set_color_depth referenced in function __mangled_main
     1>example1.obj : error LNK2019: unresolved external symbol __imp__allegro_exit referenced in function __mangled_main
     1>example1.obj : error LNK2001: unresolved external symbol __imp__system_driver
     1>example1.obj : error LNK2019: unresolved external symbol __imp__install_allegro referenced in function __mangled_main
     1>example1.obj : error LNK2019: unresolved external symbol __imp___WinMain referenced in function _WinMain@16
     1>C:\projects\googlecode\dune2themaker\dependencies\alfont\Template\example1.exe : fatal error LNK1120: 19 unresolved externals
     1>Done Building Project "C:\projects\googlecode\dune2themaker\dependencies\alfont\examples\example1.vcxproj" (rebuild target(s)) -- FAILED.

Build FAILED.

Time Elapsed 00:00:00.57
